<?xml version="1.0" encoding="UTF-8"?>
<!-- Generated by org.testng.reporters.JUnitReportReporter -->
<testsuite hostname="HYDHTC328776L" failures="0" tests="1" name="practice1.LaunchBrowser" time="7.394" errors="0" timestamp="14 Oct 2020 10:45:53 GMT" skipped="0">
  <testcase classname="practice1.LaunchBrowser" name="VerifyBrowser" time="7.394"/>
</testsuite> <!-- practice1.LaunchBrowser -->
